# JRE version: Java(TM) SE Runtime Environment (15.0.2+7) (build 15.0.2+7-27)
# Java VM: Java HotSpot(TM) 64-Bit Server VM (15.0.2+7-27, mixed mode, sharing, tiered, compressed oops, g1 gc, windows-amd64)
GC Precious Log:
 CPUs: 12 total, 12 available
 Memory: 16318M
 Large Page Support: Disabled
 NUMA Support: Disabled
 Compressed Oops: Enabled (Zero based)
 Heap Region Size: 2M
 Heap Min Capacity: 8M
 Heap Initial Capacity: 256M
 Heap Max Capacity: 4080M
 Pre-touch: Disabled
 Parallel Workers: 10
 Concurrent Workers: 3
 Concurrent Refinement Workers: 10
 Periodic GC: Disabled
Heap:
 garbage-first heap   total 131072K, used 100738K [0x0000000701000000, 0x0000000800000000)
  region size 2048K, 21 young (43008K), 1 survivors (2048K)
 Metaspace       used 28212K, capacity 28773K, committed 29052K, reserved 1075200K
  class space    used 2978K, capacity 3199K, committed 3276K, reserved 1048576K
GC Heap History (17 events):
Event: 0.598 GC heap before
{Heap before GC invocations=0 (full 0):
 garbage-first heap   total 262144K, used 22528K [0x0000000701000000, 0x0000000800000000)
  region size 2048K, 11 young (22528K), 0 survivors (0K)
 Metaspace       used 5928K, capacity 7726K, committed 7808K, reserved 1056768K
  class space    used 671K, capacity 830K, committed 896K, reserved 1048576K
}
Event: 0.602 GC heap after
{Heap after GC invocations=1 (full 0):
 garbage-first heap   total 262144K, used 3810K [0x0000000701000000, 0x0000000800000000)
  region size 2048K, 2 young (4096K), 2 survivors (4096K)
 Metaspace       used 5928K, capacity 7726K, committed 7808K, reserved 1056768K
  class space    used 671K, capacity 830K, committed 896K, reserved 1048576K
}
Event: 0.961 GC heap before
{Heap before GC invocations=1 (full 0):
 garbage-first heap   total 262144K, used 32482K [0x0000000701000000, 0x0000000800000000)
  region size 2048K, 16 young (32768K), 2 survivors (4096K)
 Metaspace       used 9827K, capacity 11274K, committed 11392K, reserved 1058816K
  class space    used 1153K, capacity 1325K, committed 1408K, reserved 1048576K
}
Event: 0.966 GC heap after
{Heap after GC invocations=2 (full 0):
 garbage-first heap   total 262144K, used 5504K [0x0000000701000000, 0x0000000800000000)
  region size 2048K, 1 young (2048K), 1 survivors (2048K)
 Metaspace       used 9827K, capacity 11274K, committed 11392K, reserved 1058816K
  class space    used 1153K, capacity 1325K, committed 1408K, reserved 1048576K
}
Event: 2.694 GC heap before
{Heap before GC invocations=2 (full 0):
 garbage-first heap   total 262144K, used 159104K [0x0000000701000000, 0x0000000800000000)
  region size 2048K, 76 young (155648K), 1 survivors (2048K)
 Metaspace       used 14604K, capacity 15262K, committed 15360K, reserved 1062912K
  class space    used 1557K, capacity 1700K, committed 1792K, reserved 1048576K
}
Event: 2.709 GC heap after
{Heap after GC invocations=3 (full 0):
 garbage-first heap   total 262144K, used 22702K [0x0000000701000000, 0x0000000800000000)
  region size 2048K, 10 young (20480K), 10 survivors (20480K)
 Metaspace       used 14604K, capacity 15262K, committed 15360K, reserved 1062912K
  class space    used 1557K, capacity 1700K, committed 1792K, reserved 1048576K
}
Event: 4.496 GC heap before
{Heap before GC invocations=3 (full 0):
 garbage-first heap   total 262144K, used 204974K [0x0000000701000000, 0x0000000800000000)
  region size 2048K, 76 young (155648K), 10 survivors (20480K)
 Metaspace       used 18495K, capacity 18924K, committed 19072K, reserved 1067008K
  class space    used 1932K, capacity 2088K, committed 2176K, reserved 1048576K
}
Event: 4.510 GC heap after
{Heap after GC invocations=4 (full 0):
 garbage-first heap   total 262144K, used 29629K [0x0000000701000000, 0x0000000800000000)
  region size 2048K, 4 young (8192K), 4 survivors (8192K)
 Metaspace       used 18495K, capacity 18924K, committed 19072K, reserved 1067008K
  class space    used 1932K, capacity 2088K, committed 2176K, reserved 1048576K
}
Event: 4.752 GC heap before
{Heap before GC invocations=4 (full 0):
 garbage-first heap   total 262144K, used 84925K [0x0000000701000000, 0x0000000800000000)
  region size 2048K, 31 young (63488K), 4 survivors (8192K)
 Metaspace       used 20687K, capacity 21188K, committed 21296K, reserved 1069056K
  class space    used 2225K, capacity 2400K, committed 2432K, reserved 1048576K
}
Event: 4.758 GC heap after
{Heap after GC invocations=5 (full 0):
 garbage-first heap   total 315392K, used 35880K [0x0000000701000000, 0x0000000800000000)
  region size 2048K, 5 young (10240K), 5 survivors (10240K)
 Metaspace       used 20687K, capacity 21188K, committed 21296K, reserved 1069056K
  class space    used 2225K, capacity 2400K, committed 2432K, reserved 1048576K
}
Event: 5.324 GC heap before
{Heap before GC invocations=6 (full 0):
 garbage-first heap   total 131072K, used 101416K [0x0000000701000000, 0x0000000800000000)
  region size 2048K, 38 young (77824K), 5 survivors (10240K)
 Metaspace       used 24967K, capacity 25442K, committed 25596K, reserved 1073152K
  class space    used 2678K, capacity 2858K, committed 2892K, reserved 1048576K
}
Event: 5.337 GC heap after
{Heap after GC invocations=7 (full 0):
 garbage-first heap   total 131072K, used 45363K [0x0000000701000000, 0x0000000800000000)
  region size 2048K, 5 young (10240K), 5 survivors (10240K)
 Metaspace       used 24967K, capacity 25442K, committed 25596K, reserved 1073152K
  class space    used 2678K, capacity 2858K, committed 2892K, reserved 1048576K
}
Event: 5.833 GC heap before
{Heap before GC invocations=8 (full 0):
 garbage-first heap   total 131072K, used 96563K [0x0000000701000000, 0x0000000800000000)
  region size 2048K, 31 young (63488K), 5 survivors (10240K)
 Metaspace       used 25724K, capacity 26250K, committed 26492K, reserved 1073152K
  class space    used 2736K, capacity 2892K, committed 3020K, reserved 1048576K
}
Event: 5.844 GC heap after
{Heap after GC invocations=9 (full 0):
 garbage-first heap   total 131072K, used 54427K [0x0000000701000000, 0x0000000800000000)
  region size 2048K, 4 young (8192K), 4 survivors (8192K)
 Metaspace       used 25724K, capacity 26250K, committed 26492K, reserved 1073152K
  class space    used 2736K, capacity 2892K, committed 3020K, reserved 1048576K
}
Event: 6.471 GC heap before
{Heap before GC invocations=9 (full 0):
 garbage-first heap   total 131072K, used 97435K [0x0000000701000000, 0x0000000800000000)
  region size 2048K, 26 young (53248K), 4 survivors (8192K)
 Metaspace       used 28202K, capacity 28709K, committed 28796K, reserved 1075200K
  class space    used 2978K, capacity 3199K, committed 3276K, reserved 1048576K
}
Event: 6.484 GC heap after
{Heap after GC invocations=10 (full 0):
 garbage-first heap   total 131072K, used 59796K [0x0000000701000000, 0x0000000800000000)
  region size 2048K, 3 young (6144K), 3 survivors (6144K)
 Metaspace       used 28202K, capacity 28709K, committed 28796K, reserved 1075200K
  class space    used 2978K, capacity 3199K, committed 3276K, reserved 1048576K
}
Event: 6.572 GC heap before
{Heap before GC invocations=10 (full 0):
 garbage-first heap   total 131072K, used 98708K [0x0000000701000000, 0x0000000800000000)
  region size 2048K, 23 young (47104K), 3 survivors (6144K)
 Metaspace       used 28212K, capacity 28773K, committed 29052K, reserved 1075200K
  class space    used 2978K, capacity 3199K, committed 3276K, reserved 1048576K
}

